Determining if the Q_WS_WIN exist failed with the following output:
Change Dir: /home/t.andrade/Set_70cm_Plus/10um/4/build/CMakeFiles/CMakeTmp

Run Build Command(s):/usr/bin/make cmTC_ff633/fast && /usr/bin/make -f CMakeFiles/cmTC_ff633.dir/build.make CMakeFiles/cmTC_ff633.dir/build
make[1]: Entering directory '/home/t.andrade/Set_70cm_Plus/10um/4/build/CMakeFiles/CMakeTmp'
Building CXX object CMakeFiles/cmTC_ff633.dir/CheckSymbolExists.cxx.o
/usr/bin/c++   -I/usr/include/qt4   -o CMakeFiles/cmTC_ff633.dir/CheckSymbolExists.cxx.o -c /home/t.andrade/Set_70cm_Plus/10um/4/build/CMakeFiles/CMakeTmp/CheckSymbolExists.cxx
/home/t.andrade/Set_70cm_Plus/10um/4/build/CMakeFiles/CMakeTmp/CheckSymbolExists.cxx: In function ‘int main(int, char**)’:
/home/t.andrade/Set_70cm_Plus/10um/4/build/CMakeFiles/CMakeTmp/CheckSymbolExists.cxx:8:19: error: ‘Q_WS_WIN’ was not declared in this scope
    8 |   return ((int*)(&Q_WS_WIN))[argc];
      |                   ^~~~~~~~
make[1]: *** [CMakeFiles/cmTC_ff633.dir/build.make:66: CMakeFiles/cmTC_ff633.dir/CheckSymbolExists.cxx.o] Error 1
make[1]: Leaving directory '/home/t.andrade/Set_70cm_Plus/10um/4/build/CMakeFiles/CMakeTmp'
make: *** [Makefile:121: cmTC_ff633/fast] Error 2


File /home/t.andrade/Set_70cm_Plus/10um/4/build/CMakeFiles/CMakeTmp/CheckSymbolExists.cxx:
/* */
#include <QtCore/qglobal.h>

int main(int argc, char** argv)
{
  (void)argv;
#ifndef Q_WS_WIN
  return ((int*)(&Q_WS_WIN))[argc];
#else
  (void)argc;
  return 0;
#endif
}
Determining if the Q_WS_QWS exist failed with the following output:
Change Dir: /home/t.andrade/Set_70cm_Plus/10um/4/build/CMakeFiles/CMakeTmp

Run Build Command(s):/usr/bin/make cmTC_d101c/fast && /usr/bin/make -f CMakeFiles/cmTC_d101c.dir/build.make CMakeFiles/cmTC_d101c.dir/build
make[1]: Entering directory '/home/t.andrade/Set_70cm_Plus/10um/4/build/CMakeFiles/CMakeTmp'
Building CXX object CMakeFiles/cmTC_d101c.dir/CheckSymbolExists.cxx.o
/usr/bin/c++   -I/usr/include/qt4   -o CMakeFiles/cmTC_d101c.dir/CheckSymbolExists.cxx.o -c /home/t.andrade/Set_70cm_Plus/10um/4/build/CMakeFiles/CMakeTmp/CheckSymbolExists.cxx
/home/t.andrade/Set_70cm_Plus/10um/4/build/CMakeFiles/CMakeTmp/CheckSymbolExists.cxx: In function ‘int main(int, char**)’:
/home/t.andrade/Set_70cm_Plus/10um/4/build/CMakeFiles/CMakeTmp/CheckSymbolExists.cxx:8:19: error: ‘Q_WS_QWS’ was not declared in this scope
    8 |   return ((int*)(&Q_WS_QWS))[argc];
      |                   ^~~~~~~~
make[1]: *** [CMakeFiles/cmTC_d101c.dir/build.make:66: CMakeFiles/cmTC_d101c.dir/CheckSymbolExists.cxx.o] Error 1
make[1]: Leaving directory '/home/t.andrade/Set_70cm_Plus/10um/4/build/CMakeFiles/CMakeTmp'
make: *** [Makefile:121: cmTC_d101c/fast] Error 2


File /home/t.andrade/Set_70cm_Plus/10um/4/build/CMakeFiles/CMakeTmp/CheckSymbolExists.cxx:
/* */
#include <QtCore/qglobal.h>

int main(int argc, char** argv)
{
  (void)argv;
#ifndef Q_WS_QWS
  return ((int*)(&Q_WS_QWS))[argc];
#else
  (void)argc;
  return 0;
#endif
}
Determining if the Q_WS_MAC exist failed with the following output:
Change Dir: /home/t.andrade/Set_70cm_Plus/10um/4/build/CMakeFiles/CMakeTmp

Run Build Command(s):/usr/bin/make cmTC_9ddad/fast && /usr/bin/make -f CMakeFiles/cmTC_9ddad.dir/build.make CMakeFiles/cmTC_9ddad.dir/build
make[1]: Entering directory '/home/t.andrade/Set_70cm_Plus/10um/4/build/CMakeFiles/CMakeTmp'
Building CXX object CMakeFiles/cmTC_9ddad.dir/CheckSymbolExists.cxx.o
/usr/bin/c++   -I/usr/include/qt4   -o CMakeFiles/cmTC_9ddad.dir/CheckSymbolExists.cxx.o -c /home/t.andrade/Set_70cm_Plus/10um/4/build/CMakeFiles/CMakeTmp/CheckSymbolExists.cxx
/home/t.andrade/Set_70cm_Plus/10um/4/build/CMakeFiles/CMakeTmp/CheckSymbolExists.cxx: In function ‘int main(int, char**)’:
/home/t.andrade/Set_70cm_Plus/10um/4/build/CMakeFiles/CMakeTmp/CheckSymbolExists.cxx:8:19: error: ‘Q_WS_MAC’ was not declared in this scope
    8 |   return ((int*)(&Q_WS_MAC))[argc];
      |                   ^~~~~~~~
make[1]: *** [CMakeFiles/cmTC_9ddad.dir/build.make:66: CMakeFiles/cmTC_9ddad.dir/CheckSymbolExists.cxx.o] Error 1
make[1]: Leaving directory '/home/t.andrade/Set_70cm_Plus/10um/4/build/CMakeFiles/CMakeTmp'
make: *** [Makefile:121: cmTC_9ddad/fast] Error 2


File /home/t.andrade/Set_70cm_Plus/10um/4/build/CMakeFiles/CMakeTmp/CheckSymbolExists.cxx:
/* */
#include <QtCore/qglobal.h>

int main(int argc, char** argv)
{
  (void)argv;
#ifndef Q_WS_MAC
  return ((int*)(&Q_WS_MAC))[argc];
#else
  (void)argc;
  return 0;
#endif
}
