Determining if the Q_WS_WIN exist failed with the following output:
Change Dir: /home/t.andrade/Set_70cm_Plus/10um/3/build/CMakeFiles/CMakeTmp

Run Build Command(s):/usr/bin/make cmTC_88ded/fast && /usr/bin/make -f CMakeFiles/cmTC_88ded.dir/build.make CMakeFiles/cmTC_88ded.dir/build
make[1]: Entering directory '/home/t.andrade/Set_70cm_Plus/10um/3/build/CMakeFiles/CMakeTmp'
Building CXX object CMakeFiles/cmTC_88ded.dir/CheckSymbolExists.cxx.o
/usr/bin/c++   -I/usr/include/qt4   -o CMakeFiles/cmTC_88ded.dir/CheckSymbolExists.cxx.o -c /home/t.andrade/Set_70cm_Plus/10um/3/build/CMakeFiles/CMakeTmp/CheckSymbolExists.cxx
/home/t.andrade/Set_70cm_Plus/10um/3/build/CMakeFiles/CMakeTmp/CheckSymbolExists.cxx: In function ‘int main(int, char**)’:
/home/t.andrade/Set_70cm_Plus/10um/3/build/CMakeFiles/CMakeTmp/CheckSymbolExists.cxx:8:19: error: ‘Q_WS_WIN’ was not declared in this scope
    8 |   return ((int*)(&Q_WS_WIN))[argc];
      |                   ^~~~~~~~
make[1]: *** [CMakeFiles/cmTC_88ded.dir/build.make:66: CMakeFiles/cmTC_88ded.dir/CheckSymbolExists.cxx.o] Error 1
make[1]: Leaving directory '/home/t.andrade/Set_70cm_Plus/10um/3/build/CMakeFiles/CMakeTmp'
make: *** [Makefile:121: cmTC_88ded/fast] Error 2


File /home/t.andrade/Set_70cm_Plus/10um/3/build/CMakeFiles/CMakeTmp/CheckSymbolExists.cxx:
/* */
#include <QtCore/qglobal.h>

int main(int argc, char** argv)
{
  (void)argv;
#ifndef Q_WS_WIN
  return ((int*)(&Q_WS_WIN))[argc];
#else
  (void)argc;
  return 0;
#endif
}
Determining if the Q_WS_QWS exist failed with the following output:
Change Dir: /home/t.andrade/Set_70cm_Plus/10um/3/build/CMakeFiles/CMakeTmp

Run Build Command(s):/usr/bin/make cmTC_f8765/fast && /usr/bin/make -f CMakeFiles/cmTC_f8765.dir/build.make CMakeFiles/cmTC_f8765.dir/build
make[1]: Entering directory '/home/t.andrade/Set_70cm_Plus/10um/3/build/CMakeFiles/CMakeTmp'
Building CXX object CMakeFiles/cmTC_f8765.dir/CheckSymbolExists.cxx.o
/usr/bin/c++   -I/usr/include/qt4   -o CMakeFiles/cmTC_f8765.dir/CheckSymbolExists.cxx.o -c /home/t.andrade/Set_70cm_Plus/10um/3/build/CMakeFiles/CMakeTmp/CheckSymbolExists.cxx
/home/t.andrade/Set_70cm_Plus/10um/3/build/CMakeFiles/CMakeTmp/CheckSymbolExists.cxx: In function ‘int main(int, char**)’:
/home/t.andrade/Set_70cm_Plus/10um/3/build/CMakeFiles/CMakeTmp/CheckSymbolExists.cxx:8:19: error: ‘Q_WS_QWS’ was not declared in this scope
    8 |   return ((int*)(&Q_WS_QWS))[argc];
      |                   ^~~~~~~~
make[1]: *** [CMakeFiles/cmTC_f8765.dir/build.make:66: CMakeFiles/cmTC_f8765.dir/CheckSymbolExists.cxx.o] Error 1
make[1]: Leaving directory '/home/t.andrade/Set_70cm_Plus/10um/3/build/CMakeFiles/CMakeTmp'
make: *** [Makefile:121: cmTC_f8765/fast] Error 2


File /home/t.andrade/Set_70cm_Plus/10um/3/build/CMakeFiles/CMakeTmp/CheckSymbolExists.cxx:
/* */
#include <QtCore/qglobal.h>

int main(int argc, char** argv)
{
  (void)argv;
#ifndef Q_WS_QWS
  return ((int*)(&Q_WS_QWS))[argc];
#else
  (void)argc;
  return 0;
#endif
}
Determining if the Q_WS_MAC exist failed with the following output:
Change Dir: /home/t.andrade/Set_70cm_Plus/10um/3/build/CMakeFiles/CMakeTmp

Run Build Command(s):/usr/bin/make cmTC_f3407/fast && /usr/bin/make -f CMakeFiles/cmTC_f3407.dir/build.make CMakeFiles/cmTC_f3407.dir/build
make[1]: Entering directory '/home/t.andrade/Set_70cm_Plus/10um/3/build/CMakeFiles/CMakeTmp'
Building CXX object CMakeFiles/cmTC_f3407.dir/CheckSymbolExists.cxx.o
/usr/bin/c++   -I/usr/include/qt4   -o CMakeFiles/cmTC_f3407.dir/CheckSymbolExists.cxx.o -c /home/t.andrade/Set_70cm_Plus/10um/3/build/CMakeFiles/CMakeTmp/CheckSymbolExists.cxx
/home/t.andrade/Set_70cm_Plus/10um/3/build/CMakeFiles/CMakeTmp/CheckSymbolExists.cxx: In function ‘int main(int, char**)’:
/home/t.andrade/Set_70cm_Plus/10um/3/build/CMakeFiles/CMakeTmp/CheckSymbolExists.cxx:8:19: error: ‘Q_WS_MAC’ was not declared in this scope
    8 |   return ((int*)(&Q_WS_MAC))[argc];
      |                   ^~~~~~~~
make[1]: *** [CMakeFiles/cmTC_f3407.dir/build.make:66: CMakeFiles/cmTC_f3407.dir/CheckSymbolExists.cxx.o] Error 1
make[1]: Leaving directory '/home/t.andrade/Set_70cm_Plus/10um/3/build/CMakeFiles/CMakeTmp'
make: *** [Makefile:121: cmTC_f3407/fast] Error 2


File /home/t.andrade/Set_70cm_Plus/10um/3/build/CMakeFiles/CMakeTmp/CheckSymbolExists.cxx:
/* */
#include <QtCore/qglobal.h>

int main(int argc, char** argv)
{
  (void)argv;
#ifndef Q_WS_MAC
  return ((int*)(&Q_WS_MAC))[argc];
#else
  (void)argc;
  return 0;
#endif
}
