Determining if the Q_WS_WIN exist failed with the following output:
<<<<<<< HEAD
Change Dir: /home/j.guzmanm/Simulation_Tube/100um/1/build/CMakeFiles/CMakeTmp

Run Build Command(s):/usr/bin/make cmTC_46be0/fast && /usr/bin/make -f CMakeFiles/cmTC_46be0.dir/build.make CMakeFiles/cmTC_46be0.dir/build
make[1]: Entering directory '/home/j.guzmanm/Simulation_Tube/100um/1/build/CMakeFiles/CMakeTmp'
Building CXX object CMakeFiles/cmTC_46be0.dir/CheckSymbolExists.cxx.o
/usr/bin/c++   -I/usr/include/qt4   -o CMakeFiles/cmTC_46be0.dir/CheckSymbolExists.cxx.o -c /home/j.guzmanm/Simulation_Tube/100um/1/build/CMakeFiles/CMakeTmp/CheckSymbolExists.cxx
/home/j.guzmanm/Simulation_Tube/100um/1/build/CMakeFiles/CMakeTmp/CheckSymbolExists.cxx: In function ‘int main(int, char**)’:
/home/j.guzmanm/Simulation_Tube/100um/1/build/CMakeFiles/CMakeTmp/CheckSymbolExists.cxx:8:19: error: ‘Q_WS_WIN’ was not declared in this scope
    8 |   return ((int*)(&Q_WS_WIN))[argc];
      |                   ^~~~~~~~
make[1]: *** [CMakeFiles/cmTC_46be0.dir/build.make:66: CMakeFiles/cmTC_46be0.dir/CheckSymbolExists.cxx.o] Error 1
make[1]: Leaving directory '/home/j.guzmanm/Simulation_Tube/100um/1/build/CMakeFiles/CMakeTmp'
make: *** [Makefile:121: cmTC_46be0/fast] Error 2


File /home/j.guzmanm/Simulation_Tube/100um/1/build/CMakeFiles/CMakeTmp/CheckSymbolExists.cxx:
=======
Change Dir: /home/t.andrade/F1/build/CMakeFiles/CMakeTmp

Run Build Command(s):/usr/bin/make cmTC_cd542/fast && /usr/bin/make -f CMakeFiles/cmTC_cd542.dir/build.make CMakeFiles/cmTC_cd542.dir/build
make[1]: Entering directory '/home/t.andrade/F1/build/CMakeFiles/CMakeTmp'
Building CXX object CMakeFiles/cmTC_cd542.dir/CheckSymbolExists.cxx.o
/usr/bin/c++   -I/usr/include/qt4   -o CMakeFiles/cmTC_cd542.dir/CheckSymbolExists.cxx.o -c /home/t.andrade/F1/build/CMakeFiles/CMakeTmp/CheckSymbolExists.cxx
/home/t.andrade/F1/build/CMakeFiles/CMakeTmp/CheckSymbolExists.cxx: In function ‘int main(int, char**)’:
/home/t.andrade/F1/build/CMakeFiles/CMakeTmp/CheckSymbolExists.cxx:8:19: error: ‘Q_WS_WIN’ was not declared in this scope
    8 |   return ((int*)(&Q_WS_WIN))[argc];
      |                   ^~~~~~~~
make[1]: *** [CMakeFiles/cmTC_cd542.dir/build.make:66: CMakeFiles/cmTC_cd542.dir/CheckSymbolExists.cxx.o] Error 1
make[1]: Leaving directory '/home/t.andrade/F1/build/CMakeFiles/CMakeTmp'
make: *** [Makefile:121: cmTC_cd542/fast] Error 2


File /home/t.andrade/F1/build/CMakeFiles/CMakeTmp/CheckSymbolExists.cxx:
>>>>>>> 7ee9b88fe1939067061c361e33f5cd86dd71a15e
/* */
#include <QtCore/qglobal.h>

int main(int argc, char** argv)
{
  (void)argv;
#ifndef Q_WS_WIN
  return ((int*)(&Q_WS_WIN))[argc];
#else
  (void)argc;
  return 0;
#endif
}
Determining if the Q_WS_QWS exist failed with the following output:
<<<<<<< HEAD
Change Dir: /home/j.guzmanm/Simulation_Tube/100um/1/build/CMakeFiles/CMakeTmp

Run Build Command(s):/usr/bin/make cmTC_3eeef/fast && /usr/bin/make -f CMakeFiles/cmTC_3eeef.dir/build.make CMakeFiles/cmTC_3eeef.dir/build
make[1]: Entering directory '/home/j.guzmanm/Simulation_Tube/100um/1/build/CMakeFiles/CMakeTmp'
Building CXX object CMakeFiles/cmTC_3eeef.dir/CheckSymbolExists.cxx.o
/usr/bin/c++   -I/usr/include/qt4   -o CMakeFiles/cmTC_3eeef.dir/CheckSymbolExists.cxx.o -c /home/j.guzmanm/Simulation_Tube/100um/1/build/CMakeFiles/CMakeTmp/CheckSymbolExists.cxx
/home/j.guzmanm/Simulation_Tube/100um/1/build/CMakeFiles/CMakeTmp/CheckSymbolExists.cxx: In function ‘int main(int, char**)’:
/home/j.guzmanm/Simulation_Tube/100um/1/build/CMakeFiles/CMakeTmp/CheckSymbolExists.cxx:8:19: error: ‘Q_WS_QWS’ was not declared in this scope
    8 |   return ((int*)(&Q_WS_QWS))[argc];
      |                   ^~~~~~~~
make[1]: *** [CMakeFiles/cmTC_3eeef.dir/build.make:66: CMakeFiles/cmTC_3eeef.dir/CheckSymbolExists.cxx.o] Error 1
make[1]: Leaving directory '/home/j.guzmanm/Simulation_Tube/100um/1/build/CMakeFiles/CMakeTmp'
make: *** [Makefile:121: cmTC_3eeef/fast] Error 2


File /home/j.guzmanm/Simulation_Tube/100um/1/build/CMakeFiles/CMakeTmp/CheckSymbolExists.cxx:
=======
Change Dir: /home/t.andrade/F1/build/CMakeFiles/CMakeTmp

Run Build Command(s):/usr/bin/make cmTC_65209/fast && /usr/bin/make -f CMakeFiles/cmTC_65209.dir/build.make CMakeFiles/cmTC_65209.dir/build
make[1]: Entering directory '/home/t.andrade/F1/build/CMakeFiles/CMakeTmp'
Building CXX object CMakeFiles/cmTC_65209.dir/CheckSymbolExists.cxx.o
/usr/bin/c++   -I/usr/include/qt4   -o CMakeFiles/cmTC_65209.dir/CheckSymbolExists.cxx.o -c /home/t.andrade/F1/build/CMakeFiles/CMakeTmp/CheckSymbolExists.cxx
/home/t.andrade/F1/build/CMakeFiles/CMakeTmp/CheckSymbolExists.cxx: In function ‘int main(int, char**)’:
/home/t.andrade/F1/build/CMakeFiles/CMakeTmp/CheckSymbolExists.cxx:8:19: error: ‘Q_WS_QWS’ was not declared in this scope
    8 |   return ((int*)(&Q_WS_QWS))[argc];
      |                   ^~~~~~~~
make[1]: *** [CMakeFiles/cmTC_65209.dir/build.make:66: CMakeFiles/cmTC_65209.dir/CheckSymbolExists.cxx.o] Error 1
make[1]: Leaving directory '/home/t.andrade/F1/build/CMakeFiles/CMakeTmp'
make: *** [Makefile:121: cmTC_65209/fast] Error 2


File /home/t.andrade/F1/build/CMakeFiles/CMakeTmp/CheckSymbolExists.cxx:
>>>>>>> 7ee9b88fe1939067061c361e33f5cd86dd71a15e
/* */
#include <QtCore/qglobal.h>

int main(int argc, char** argv)
{
  (void)argv;
#ifndef Q_WS_QWS
  return ((int*)(&Q_WS_QWS))[argc];
#else
  (void)argc;
  return 0;
#endif
}
Determining if the Q_WS_MAC exist failed with the following output:
<<<<<<< HEAD
Change Dir: /home/j.guzmanm/Simulation_Tube/100um/1/build/CMakeFiles/CMakeTmp

Run Build Command(s):/usr/bin/make cmTC_5864f/fast && /usr/bin/make -f CMakeFiles/cmTC_5864f.dir/build.make CMakeFiles/cmTC_5864f.dir/build
make[1]: Entering directory '/home/j.guzmanm/Simulation_Tube/100um/1/build/CMakeFiles/CMakeTmp'
Building CXX object CMakeFiles/cmTC_5864f.dir/CheckSymbolExists.cxx.o
/usr/bin/c++   -I/usr/include/qt4   -o CMakeFiles/cmTC_5864f.dir/CheckSymbolExists.cxx.o -c /home/j.guzmanm/Simulation_Tube/100um/1/build/CMakeFiles/CMakeTmp/CheckSymbolExists.cxx
/home/j.guzmanm/Simulation_Tube/100um/1/build/CMakeFiles/CMakeTmp/CheckSymbolExists.cxx: In function ‘int main(int, char**)’:
/home/j.guzmanm/Simulation_Tube/100um/1/build/CMakeFiles/CMakeTmp/CheckSymbolExists.cxx:8:19: error: ‘Q_WS_MAC’ was not declared in this scope
    8 |   return ((int*)(&Q_WS_MAC))[argc];
      |                   ^~~~~~~~
make[1]: *** [CMakeFiles/cmTC_5864f.dir/build.make:66: CMakeFiles/cmTC_5864f.dir/CheckSymbolExists.cxx.o] Error 1
make[1]: Leaving directory '/home/j.guzmanm/Simulation_Tube/100um/1/build/CMakeFiles/CMakeTmp'
make: *** [Makefile:121: cmTC_5864f/fast] Error 2


File /home/j.guzmanm/Simulation_Tube/100um/1/build/CMakeFiles/CMakeTmp/CheckSymbolExists.cxx:
=======
Change Dir: /home/t.andrade/F1/build/CMakeFiles/CMakeTmp

Run Build Command(s):/usr/bin/make cmTC_1d447/fast && /usr/bin/make -f CMakeFiles/cmTC_1d447.dir/build.make CMakeFiles/cmTC_1d447.dir/build
make[1]: Entering directory '/home/t.andrade/F1/build/CMakeFiles/CMakeTmp'
Building CXX object CMakeFiles/cmTC_1d447.dir/CheckSymbolExists.cxx.o
/usr/bin/c++   -I/usr/include/qt4   -o CMakeFiles/cmTC_1d447.dir/CheckSymbolExists.cxx.o -c /home/t.andrade/F1/build/CMakeFiles/CMakeTmp/CheckSymbolExists.cxx
/home/t.andrade/F1/build/CMakeFiles/CMakeTmp/CheckSymbolExists.cxx: In function ‘int main(int, char**)’:
/home/t.andrade/F1/build/CMakeFiles/CMakeTmp/CheckSymbolExists.cxx:8:19: error: ‘Q_WS_MAC’ was not declared in this scope
    8 |   return ((int*)(&Q_WS_MAC))[argc];
      |                   ^~~~~~~~
make[1]: *** [CMakeFiles/cmTC_1d447.dir/build.make:66: CMakeFiles/cmTC_1d447.dir/CheckSymbolExists.cxx.o] Error 1
make[1]: Leaving directory '/home/t.andrade/F1/build/CMakeFiles/CMakeTmp'
make: *** [Makefile:121: cmTC_1d447/fast] Error 2


File /home/t.andrade/F1/build/CMakeFiles/CMakeTmp/CheckSymbolExists.cxx:
>>>>>>> 7ee9b88fe1939067061c361e33f5cd86dd71a15e
/* */
#include <QtCore/qglobal.h>

int main(int argc, char** argv)
{
  (void)argv;
#ifndef Q_WS_MAC
  return ((int*)(&Q_WS_MAC))[argc];
#else
  (void)argc;
  return 0;
#endif
}
